app/manifest-merger-free-release-report.txt
-- Merging decision tree log ---
manifest
ADDED from AndroidManifest.xml:2:1
	xmlns:android
		ADDED from AndroidManifest.xml:2:11
	package
		ADDED from AndroidManifest.xml:3:5
		INJECTED from AndroidManifest.xml:0:0
		INJECTED from AndroidManifest.xml:0:0
	android:versionName
		INJECTED from AndroidManifest.xml:0:0
		INJECTED from AndroidManifest.xml:0:0
	android:versionCode
		INJECTED from AndroidManifest.xml:0:0
		INJECTED from AndroidManifest.xml:0:0
uses-permission#com.android.vending.CHECK_LICENSE
ADDED from AndroidManifest.xml:5:5
	android:name
		ADDED from AndroidManifest.xml:5:22
uses-permission#android.permission.RECEIVE_SMS
ADDED from AndroidManifest.xml:7:5
	android:name
		ADDED from AndroidManifest.xml:7:22
uses-permission#android.permission.SEND_SMS
ADDED from AndroidManifest.xml:8:5
	android:name
		ADDED from AndroidManifest.xml:8:22
uses-permission#android.permission.READ_PHONE_STATE
ADDED from AndroidManifest.xml:9:5
	android:name
		ADDED from AndroidManifest.xml:9:22
uses-permission#android.permission.READ_CONTACTS
ADDED from AndroidManifest.xml:10:5
	android:name
		ADDED from AndroidManifest.xml:10:22
compatible-screens
ADDED from AndroidManifest.xml:12:5
screen#small+ldpi
ADDED from AndroidManifest.xml:14:9
	android:screenSize
		ADDED from AndroidManifest.xml:14:17
	android:screenDensity
		ADDED from AndroidManifest.xml:14:44
screen#small+mdpi
ADDED from AndroidManifest.xml:15:9
	android:screenSize
		ADDED from AndroidManifest.xml:15:17
	android:screenDensity
		ADDED from AndroidManifest.xml:15:44
screen#small+hdpi
ADDED from AndroidManifest.xml:16:9
	android:screenSize
		ADDED from AndroidManifest.xml:16:17
	android:screenDensity
		ADDED from AndroidManifest.xml:16:44
screen#small+xhdpi
ADDED from AndroidManifest.xml:17:9
	android:screenSize
		ADDED from AndroidManifest.xml:17:17
	android:screenDensity
		ADDED from AndroidManifest.xml:17:44
screen#normal+ldpi
ADDED from AndroidManifest.xml:19:9
	android:screenSize
		ADDED from AndroidManifest.xml:19:17
	android:screenDensity
		ADDED from AndroidManifest.xml:19:45
screen#normal+mdpi
ADDED from AndroidManifest.xml:20:9
	android:screenSize
		ADDED from AndroidManifest.xml:20:17
	android:screenDensity
		ADDED from AndroidManifest.xml:20:45
screen#normal+hdpi
ADDED from AndroidManifest.xml:21:9
	android:screenSize
		ADDED from AndroidManifest.xml:21:17
	android:screenDensity
		ADDED from AndroidManifest.xml:21:45
screen#normal+xhdpi
ADDED from AndroidManifest.xml:22:9
	android:screenSize
		ADDED from AndroidManifest.xml:22:17
	android:screenDensity
		ADDED from AndroidManifest.xml:22:45
application
ADDED from AndroidManifest.xml:25:5
MERGED from com.android.support:support-v13:21.0.0:16:5
MERGED from com.android.support:support-v4:21.0.0:16:5
	android:label
		ADDED from AndroidManifest.xml:28:9
	android:allowBackup
		ADDED from AndroidManifest.xml:26:9
	android:icon
		ADDED from AndroidManifest.xml:27:9
	android:theme
		ADDED from AndroidManifest.xml:29:9
activity#com.yasar.yasar.MainActivity
ADDED from AndroidManifest.xml:30:9
	android:label
		ADDED from AndroidManifest.xml:32:13
	android:name
		ADDED from AndroidManifest.xml:31:13
intent-filter#android.intent.action.MAIN+android.intent.category.LAUNCHER
ADDED from AndroidManifest.xml:33:13
action#android.intent.action.MAIN
ADDED from AndroidManifest.xml:34:17
	android:name
		ADDED from AndroidManifest.xml:34:25
category#android.intent.category.LAUNCHER
ADDED from AndroidManifest.xml:36:17
	android:name
		ADDED from AndroidManifest.xml:36:27
receiver#com.yasar.yasar.AutoSMSReceiver
ADDED from AndroidManifest.xml:40:9
	android:name
		ADDED from AndroidManifest.xml:40:19
intent-filter#android.provider.Telephony.SMS_RECEIVED
ADDED from AndroidManifest.xml:41:13
action#android.provider.Telephony.SMS_RECEIVED
ADDED from AndroidManifest.xml:42:17
	android:name
		ADDED from AndroidManifest.xml:42:25
uses-sdk
INJECTED from AndroidManifest.xml:0:0 reason: use-sdk injection requested
MERGED from com.android.support:support-v13:21.0.0:15:5
MERGED from com.android.support:support-v4:21.0.0:15:5
	android:targetSdkVersion
		INJECTED from AndroidManifest.xml:0:0
		INJECTED from AndroidManifest.xml:0:0
	android:minSdkVersion
		INJECTED from AndroidManifest.xml:0:0
		INJECTED from AndroidManifest.xml:0:0